<?xml version="1.0" encoding="UTF-8"?>
<!-- Generated by org.testng.reporters.JUnitReportReporter -->
<testsuite skipped="0" hostname="DESKTOP-BKKIQEO" name="com.pageTest.LoginPageTest" tests="2" failures="0" timestamp="22 Aug 2019 11:50:21 GMT" time="62.475" errors="0">
  <testcase name="validationTitle" time="33.111" classname="com.pageTest.LoginPageTest"/>
  <testcase name="loginTest" time="29.364" classname="com.pageTest.LoginPageTest"/>
</testsuite> <!-- com.pageTest.LoginPageTest -->
